2025-05-31 21:12:56.792 [info] [main] Log level: Info
2025-05-31 21:12:56.792 [info] [main] Validating found git in: "git"
2025-05-31 21:12:56.792 [info] [main] Using git "2.45.2" from "git"
2025-05-31 21:12:56.792 [info] [Model][doInitialScan] Initial repository scan started
2025-05-31 21:12:56.792 [info] > git rev-parse --show-toplevel [16ms]
2025-05-31 21:12:56.792 [info] fatal: not a git repository (or any of the parent directories): .git
2025-05-31 21:12:56.792 [info] > git rev-parse --show-toplevel [16ms]
2025-05-31 21:12:56.792 [info] fatal: not a git repository (or any of the parent directories): .git
2025-05-31 21:12:56.792 [info] > git rev-parse --show-toplevel [3ms]
2025-05-31 21:12:56.792 [info] fatal: not a git repository (or any of the parent directories): .git
2025-05-31 21:12:56.792 [info] > git rev-parse --show-toplevel [2ms]
2025-05-31 21:12:56.792 [info] fatal: not a git repository (or any of the parent directories): .git
2025-05-31 21:12:56.792 [info] > git rev-parse --show-toplevel [1ms]
2025-05-31 21:12:56.792 [info] fatal: not a git repository (or any of the parent directories): .git
2025-05-31 21:12:56.792 [info] > git rev-parse --show-toplevel [2ms]
2025-05-31 21:12:56.792 [info] fatal: not a git repository (or any of the parent directories): .git
2025-05-31 21:12:56.792 [info] > git rev-parse --show-toplevel [1ms]
2025-05-31 21:12:56.792 [info] fatal: not a git repository (or any of the parent directories): .git
2025-05-31 21:12:56.792 [info] [Model][doInitialScan] Initial repository scan completed - repositories (0), closed repositories (0), parent repositories (0), unsafe repositories (0)
2025-05-31 21:12:56.975 [info] > git rev-parse --show-toplevel [2ms]
2025-05-31 21:12:56.975 [info] fatal: not a git repository (or any of the parent directories): .git
2025-05-31 21:17:19.057 [info] > git rev-parse --show-toplevel [3ms]
2025-05-31 21:17:19.057 [info] fatal: not a git repository (or any of the parent directories): .git
2025-05-31 21:17:27.421 [info] > git rev-parse --show-toplevel [2ms]
2025-05-31 21:17:27.421 [info] fatal: not a git repository (or any of the parent directories): .git
2025-05-31 21:17:35.577 [info] > git rev-parse --show-toplevel [1ms]
2025-05-31 21:17:35.577 [info] fatal: not a git repository (or any of the parent directories): .git
2025-05-31 21:17:56.863 [info] > git rev-parse --show-toplevel [3ms]
2025-05-31 21:17:56.863 [info] fatal: not a git repository (or any of the parent directories): .git
2025-05-31 21:18:09.768 [info] > git rev-parse --show-toplevel [1ms]
2025-05-31 21:18:09.768 [info] fatal: not a git repository (or any of the parent directories): .git
2025-05-31 21:18:16.538 [info] > git rev-parse --show-toplevel [2ms]
2025-05-31 21:18:16.538 [info] fatal: not a git repository (or any of the parent directories): .git
2025-05-31 21:18:21.912 [info] > git rev-parse --show-toplevel [2ms]
2025-05-31 21:18:21.912 [info] fatal: not a git repository (or any of the parent directories): .git
2025-05-31 21:19:35.841 [info] > git rev-parse --show-toplevel [2ms]
2025-05-31 21:19:35.841 [info] fatal: not a git repository (or any of the parent directories): .git
2025-05-31 21:19:42.508 [info] > git rev-parse --show-toplevel [2ms]
2025-05-31 21:19:42.508 [info] fatal: not a git repository (or any of the parent directories): .git
2025-05-31 21:20:45.004 [info] > git rev-parse --show-toplevel [2ms]
2025-05-31 21:20:45.004 [info] fatal: not a git repository (or any of the parent directories): .git
2025-05-31 21:20:58.190 [info] > git rev-parse --show-toplevel [3ms]
2025-05-31 21:20:58.190 [info] fatal: not a git repository (or any of the parent directories): .git
2025-05-31 21:21:07.980 [info] > git rev-parse --show-toplevel [2ms]
2025-05-31 21:21:07.980 [info] fatal: not a git repository (or any of the parent directories): .git
2025-05-31 21:21:14.021 [info] > git rev-parse --show-toplevel [2ms]
2025-05-31 21:21:14.021 [info] fatal: not a git repository (or any of the parent directories): .git
2025-05-31 21:21:20.631 [info] > git rev-parse --show-toplevel [2ms]
2025-05-31 21:21:20.631 [info] fatal: not a git repository (or any of the parent directories): .git
2025-05-31 21:34:16.831 [info] > git rev-parse --show-toplevel [1ms]
2025-05-31 21:34:16.831 [info] fatal: not a git repository (or any of the parent directories): .git
2025-05-31 21:47:48.156 [info] > git rev-parse --show-toplevel [2ms]
2025-05-31 21:47:48.156 [info] fatal: not a git repository (or any of the parent directories): .git
2025-05-31 21:48:16.500 [info] > git rev-parse --show-toplevel [6ms]
2025-05-31 21:48:16.500 [info] fatal: not a git repository (or any of the parent directories): .git
2025-05-31 21:49:22.298 [info] > git rev-parse --show-toplevel [75ms]
2025-05-31 21:49:22.298 [info] fatal: not a git repository (or any of the parent directories): .git
2025-05-31 22:03:32.804 [info] > git rev-parse --show-toplevel [2ms]
2025-05-31 22:03:32.804 [info] fatal: not a git repository (or any of the parent directories): .git
