2025-06-03 22:22:54.233 [info] [main] Log level: Info
2025-06-03 22:22:54.233 [info] [main] Validating found git in: "git"
2025-06-03 22:22:54.233 [info] [main] Using git "2.45.2" from "git"
2025-06-03 22:22:54.233 [info] [Model][doInitialScan] Initial repository scan started
2025-06-03 22:22:54.233 [info] > git rev-parse --show-toplevel [32ms]
2025-06-03 22:22:54.233 [info] fatal: not a git repository (or any of the parent directories): .git
2025-06-03 22:22:54.233 [info] > git rev-parse --show-toplevel [87ms]
2025-06-03 22:22:54.233 [info] fatal: not a git repository (or any of the parent directories): .git
2025-06-03 22:22:54.239 [info] > git rev-parse --show-toplevel [6ms]
2025-06-03 22:22:54.240 [info] fatal: not a git repository (or any of the parent directories): .git
2025-06-03 22:22:54.252 [info] > git rev-parse --show-toplevel [3ms]
2025-06-03 22:22:54.252 [info] fatal: not a git repository (or any of the parent directories): .git
2025-06-03 22:22:54.264 [info] > git rev-parse --show-toplevel [2ms]
2025-06-03 22:22:54.264 [info] fatal: not a git repository (or any of the parent directories): .git
2025-06-03 22:22:54.275 [info] > git rev-parse --show-toplevel [3ms]
2025-06-03 22:22:54.275 [info] fatal: not a git repository (or any of the parent directories): .git
2025-06-03 22:22:54.292 [info] > git rev-parse --show-toplevel [8ms]
2025-06-03 22:22:54.292 [info] fatal: not a git repository (or any of the parent directories): .git
2025-06-03 22:22:54.306 [info] > git rev-parse --show-toplevel [4ms]
2025-06-03 22:22:54.307 [info] fatal: not a git repository (or any of the parent directories): .git
2025-06-03 22:22:54.317 [info] > git rev-parse --show-toplevel [2ms]
2025-06-03 22:22:54.318 [info] fatal: not a git repository (or any of the parent directories): .git
2025-06-03 22:22:54.322 [info] [Model][doInitialScan] Initial repository scan completed - repositories (0), closed repositories (0), parent repositories (0), unsafe repositories (0)
2025-06-03 22:22:54.618 [info] > git rev-parse --show-toplevel [1ms]
2025-06-03 22:22:54.618 [info] fatal: not a git repository (or any of the parent directories): .git
2025-06-03 22:30:28.535 [info] > git rev-parse --show-toplevel [4ms]
2025-06-03 22:30:28.536 [info] fatal: not a git repository (or any of the parent directories): .git
2025-06-03 22:47:13.420 [info] > git rev-parse --show-toplevel [2ms]
2025-06-03 22:47:13.431 [info] > git rev-parse --git-dir --git-common-dir [2ms]
2025-06-03 22:47:13.454 [info] [Model][openRepository] Opened repository (path): /root
2025-06-03 22:47:13.454 [info] [Model][openRepository] Opened repository (real path): /root
2025-06-03 22:47:13.473 [info] [Git][getRemotes] No remotes found in the git config file
2025-06-03 22:47:13.475 [info] > git config --get commit.template [10ms]
2025-06-03 22:47:13.475 [info] > git for-each-ref --format=%(refname)%00%(upstream:short)%00%(objectname)%00%(upstream:track)%00%(upstream:remotename)%00%(upstream:remoteref) refs/heads/master refs/remotes/master [3ms]
2025-06-03 22:47:13.476 [warning] [Git][getBranch] No such branch: master
2025-06-03 22:47:13.494 [info] > git for-each-ref --sort -committerdate --format %(refname)%00%(objectname)%00%(*objectname) [3ms]
2025-06-03 22:47:13.508 [info] > git status -z -uall [26ms]
2025-06-03 22:47:14.012 [info] > git for-each-ref --format=%(refname)%00%(upstream:short)%00%(objectname)%00%(upstream:track)%00%(upstream:remotename)%00%(upstream:remoteref) refs/heads/master refs/remotes/master [420ms]
2025-06-03 22:47:14.013 [warning] [Git][getBranch] No such branch: master
2025-06-03 22:47:14.013 [error] [GitHistoryProvider][resolveHEADMergeBase] Failed to resolve merge base for master: Error: No such branch: master.
2025-06-03 22:47:14.017 [info] > git config --get commit.template [20ms]
2025-06-03 22:47:14.026 [info] [Git][getRemotes] No remotes found in the git config file
2025-06-03 22:47:14.029 [info] > git for-each-ref --format=%(refname)%00%(upstream:short)%00%(objectname)%00%(upstream:track)%00%(upstream:remotename)%00%(upstream:remoteref) refs/heads/master refs/remotes/master [3ms]
2025-06-03 22:47:14.029 [warning] [Git][getBranch] No such branch: master
2025-06-03 22:47:14.052 [info] > git for-each-ref --sort -committerdate --format %(refname)%00%(objectname)%00%(*objectname) [3ms]
2025-06-03 22:47:14.118 [info] > git status -z -uall [81ms]
2025-06-03 22:47:14.537 [info] > git check-ignore -v -z --stdin [2ms]
2025-06-03 22:47:18.156 [info] [Git][getRemotes] No remotes found in the git config file
2025-06-03 22:47:18.157 [info] > git config --get commit.template [9ms]
2025-06-03 22:47:18.158 [info] > git for-each-ref --format=%(refname)%00%(upstream:short)%00%(objectname)%00%(upstream:track)%00%(upstream:remotename)%00%(upstream:remoteref) refs/heads/master refs/remotes/master [3ms]
2025-06-03 22:47:18.158 [warning] [Git][getBranch] No such branch: master
2025-06-03 22:47:18.177 [info] > git for-each-ref --sort -committerdate --format %(refname)%00%(objectname)%00%(*objectname) [4ms]
2025-06-03 22:47:18.188 [info] > git status -z -uall [22ms]
2025-06-03 22:47:23.232 [info] [Git][getRemotes] No remotes found in the git config file
2025-06-03 22:47:23.239 [info] > git config --get commit.template [9ms]
2025-06-03 22:47:23.241 [info] > git for-each-ref --format=%(refname)%00%(upstream:short)%00%(objectname)%00%(upstream:track)%00%(upstream:remotename)%00%(upstream:remoteref) refs/heads/master refs/remotes/master [2ms]
2025-06-03 22:47:23.241 [warning] [Git][getBranch] No such branch: master
2025-06-03 22:47:23.258 [info] > git for-each-ref --sort -committerdate --format %(refname)%00%(objectname)%00%(*objectname) [2ms]
2025-06-03 22:47:23.268 [info] > git status -z -uall [21ms]
2025-06-03 22:47:28.314 [info] [Git][getRemotes] No remotes found in the git config file
2025-06-03 22:47:28.316 [info] > git config --get commit.template [8ms]
2025-06-03 22:47:28.316 [info] > git for-each-ref --format=%(refname)%00%(upstream:short)%00%(objectname)%00%(upstream:track)%00%(upstream:remotename)%00%(upstream:remoteref) refs/heads/master refs/remotes/master [2ms]
2025-06-03 22:47:28.316 [warning] [Git][getBranch] No such branch: master
2025-06-03 22:47:28.333 [info] > git for-each-ref --sort -committerdate --format %(refname)%00%(objectname)%00%(*objectname) [1ms]
2025-06-03 22:47:28.343 [info] > git status -z -uall [21ms]
2025-06-03 22:47:33.385 [info] [Git][getRemotes] No remotes found in the git config file
2025-06-03 22:47:33.385 [info] > git config --get commit.template [8ms]
2025-06-03 22:47:33.386 [info] > git for-each-ref --format=%(refname)%00%(upstream:short)%00%(objectname)%00%(upstream:track)%00%(upstream:remotename)%00%(upstream:remoteref) refs/heads/master refs/remotes/master [2ms]
2025-06-03 22:47:33.386 [warning] [Git][getBranch] No such branch: master
2025-06-03 22:47:33.402 [info] > git for-each-ref --sort -committerdate --format %(refname)%00%(objectname)%00%(*objectname) [1ms]
2025-06-03 22:47:33.413 [info] > git status -z -uall [21ms]
2025-06-03 22:47:50.523 [info] [Git][getRemotes] No remotes found in the git config file
2025-06-03 22:47:50.524 [info] > git config --get commit.template [7ms]
2025-06-03 22:47:50.524 [info] > git for-each-ref --format=%(refname)%00%(upstream:short)%00%(objectname)%00%(upstream:track)%00%(upstream:remotename)%00%(upstream:remoteref) refs/heads/master refs/remotes/master [1ms]
2025-06-03 22:47:50.525 [warning] [Git][getBranch] No such branch: master
2025-06-03 22:47:50.541 [info] > git for-each-ref --sort -committerdate --format %(refname)%00%(objectname)%00%(*objectname) [3ms]
2025-06-03 22:47:50.546 [info] > git status -z -uall [16ms]
2025-06-03 22:47:53.160 [info] [Git][getRemotes] No remotes found in the git config file
2025-06-03 22:47:53.161 [info] > git for-each-ref --format=%(refname)%00%(upstream:short)%00%(objectname)%00%(upstream:track)%00%(upstream:remotename)%00%(upstream:remoteref) refs/heads/main refs/remotes/main [1ms]
2025-06-03 22:47:53.161 [warning] [Git][getBranch] No such branch: main
2025-06-03 22:47:53.161 [info] > git config --get commit.template [8ms]
2025-06-03 22:47:53.179 [info] > git for-each-ref --sort -committerdate --format %(refname)%00%(objectname)%00%(*objectname) [1ms]
2025-06-03 22:47:53.188 [info] > git status -z -uall [18ms]
2025-06-03 22:47:53.217 [info] > git for-each-ref --format=%(refname)%00%(upstream:short)%00%(objectname)%00%(upstream:track)%00%(upstream:remotename)%00%(upstream:remoteref) refs/heads/main refs/remotes/main [3ms]
2025-06-03 22:47:53.217 [warning] [Git][getBranch] No such branch: main
2025-06-03 22:47:53.218 [error] [GitHistoryProvider][resolveHEADMergeBase] Failed to resolve merge base for main: Error: No such branch: main.
2025-06-03 22:47:56.314 [info] [Git][getRemotes] No remotes found in the git config file
2025-06-03 22:47:56.315 [info] > git config --get commit.template [11ms]
2025-06-03 22:47:56.317 [info] > git for-each-ref --format=%(refname)%00%(upstream:short)%00%(objectname)%00%(upstream:track)%00%(upstream:remotename)%00%(upstream:remoteref) refs/heads/main refs/remotes/main [3ms]
2025-06-03 22:47:56.317 [warning] [Git][getBranch] No such branch: main
2025-06-03 22:47:56.340 [info] > git for-each-ref --sort -committerdate --format %(refname)%00%(objectname)%00%(*objectname) [4ms]
2025-06-03 22:47:56.351 [info] > git status -z -uall [25ms]
2025-06-03 22:48:01.400 [info] [Git][getRemotes] No remotes found in the git config file
2025-06-03 22:48:01.401 [info] > git config --get commit.template [12ms]
2025-06-03 22:48:01.404 [info] > git for-each-ref --format=%(refname)%00%(upstream:short)%00%(objectname)%00%(upstream:track)%00%(upstream:remotename)%00%(upstream:remoteref) refs/heads/main refs/remotes/main [4ms]
2025-06-03 22:48:01.405 [warning] [Git][getBranch] No such branch: main
2025-06-03 22:48:01.440 [info] > git for-each-ref --sort -committerdate --format %(refname)%00%(objectname)%00%(*objectname) [3ms]
2025-06-03 22:48:01.454 [info] > git status -z -uall [39ms]
