2025-05-31 20:17:08.874 [info] [main] Log level: Info
2025-05-31 20:17:08.874 [info] [main] Validating found git in: "git"
2025-05-31 20:17:08.874 [info] [main] Using git "2.45.2" from "git"
2025-05-31 20:17:08.874 [info] [Model][doInitialScan] Initial repository scan started
2025-05-31 20:17:08.874 [info] > git rev-parse --show-toplevel [5ms]
2025-05-31 20:17:08.874 [info] fatal: not a git repository (or any of the parent directories): .git
2025-05-31 20:17:08.875 [info] > git rev-parse --show-toplevel [3ms]
2025-05-31 20:17:08.875 [info] fatal: not a git repository (or any of the parent directories): .git
2025-05-31 20:17:08.885 [info] > git rev-parse --show-toplevel [3ms]
2025-05-31 20:17:08.885 [info] fatal: not a git repository (or any of the parent directories): .git
2025-05-31 20:17:08.894 [info] > git rev-parse --show-toplevel [0ms]
2025-05-31 20:17:08.894 [info] fatal: not a git repository (or any of the parent directories): .git
2025-05-31 20:17:08.901 [info] > git rev-parse --show-toplevel [2ms]
2025-05-31 20:17:08.901 [info] fatal: not a git repository (or any of the parent directories): .git
2025-05-31 20:17:08.907 [info] [Model][doInitialScan] Initial repository scan completed - repositories (0), closed repositories (0), parent repositories (0), unsafe repositories (0)
2025-05-31 20:17:08.979 [info] > git rev-parse --show-toplevel [2ms]
2025-05-31 20:17:08.979 [info] fatal: not a git repository (or any of the parent directories): .git
2025-05-31 20:17:12.770 [info] > git rev-parse --show-toplevel [2ms]
2025-05-31 20:17:12.770 [info] fatal: not a git repository (or any of the parent directories): .git
2025-05-31 20:18:55.515 [info] > git rev-parse --show-toplevel [2ms]
2025-05-31 20:18:55.515 [info] fatal: not a git repository (or any of the parent directories): .git
2025-05-31 21:07:53.907 [info] [main] Log level: Info
2025-05-31 21:07:53.907 [info] [main] Validating found git in: "git"
2025-05-31 21:07:53.907 [info] [main] Using git "2.45.2" from "git"
2025-05-31 21:07:53.907 [info] [Model][doInitialScan] Initial repository scan started
2025-05-31 21:07:53.907 [info] > git rev-parse --show-toplevel [55ms]
2025-05-31 21:07:53.907 [info] fatal: not a git repository (or any of the parent directories): .git
2025-05-31 21:07:53.907 [info] > git rev-parse --show-toplevel [2ms]
2025-05-31 21:07:53.907 [info] fatal: not a git repository (or any of the parent directories): .git
2025-05-31 21:07:53.909 [info] > git rev-parse --show-toplevel [3ms]
2025-05-31 21:07:53.909 [info] fatal: not a git repository (or any of the parent directories): .git
2025-05-31 21:07:53.972 [info] > git rev-parse --show-toplevel [55ms]
2025-05-31 21:07:53.972 [info] fatal: not a git repository (or any of the parent directories): .git
2025-05-31 21:07:53.979 [info] > git rev-parse --show-toplevel [2ms]
2025-05-31 21:07:53.979 [info] fatal: not a git repository (or any of the parent directories): .git
2025-05-31 21:07:53.986 [info] > git rev-parse --show-toplevel [1ms]
2025-05-31 21:07:53.986 [info] fatal: not a git repository (or any of the parent directories): .git
2025-05-31 21:07:53.994 [info] > git rev-parse --show-toplevel [1ms]
2025-05-31 21:07:53.994 [info] fatal: not a git repository (or any of the parent directories): .git
2025-05-31 21:07:53.998 [info] [Model][doInitialScan] Initial repository scan completed - repositories (0), closed repositories (0), parent repositories (0), unsafe repositories (0)
