2025-06-03 22:22:52.422 [info] Extension host with pid 45220 started
2025-06-03 22:22:52.590 [info] ExtensionService#_doActivateExtension vscode.git-base, startup: false, activationEvent: '*', root cause: vscode.git
2025-06-03 22:22:52.601 [info] ExtensionService#_doActivateExtension vscode.emmet, startup: false, activationEvent: 'onLanguage'
2025-06-03 22:22:52.602 [info] ExtensionService#_doActivateExtension vscode.configuration-editing, startup: false, activationEvent: 'onLanguage:jsonc'
2025-06-03 22:22:52.602 [info] ExtensionService#_doActivateExtension vscode.json-language-features, startup: false, activationEvent: 'onLanguage:jsonc'
2025-06-03 22:22:52.603 [info] ExtensionService#_doActivateExtension vscode.typescript-language-features, startup: false, activationEvent: 'onLanguage:jsonc'
2025-06-03 22:22:53.196 [info] Lock '/root/.vscode-server/data/User/workspaceStorage/c5a57a4265d3cbdf999fec0b2bc9fbec/vscode.lock': Lock acquired.
2025-06-03 22:22:53.430 [info] ExtensionService#_doActivateExtension vscode.git, startup: false, activationEvent: '*'
2025-06-03 22:22:53.430 [info] ExtensionService#_doActivateExtension vscode.github, startup: false, activationEvent: '*'
2025-06-03 22:22:53.968 [info] Eager extensions activated
2025-06-03 22:22:53.969 [info] ExtensionService#_doActivateExtension vscode.debug-auto-launch, startup: false, activationEvent: 'onStartupFinished'
2025-06-03 22:22:53.970 [info] ExtensionService#_doActivateExtension vscode.merge-conflict, startup: false, activationEvent: 'onStartupFinished'
2025-06-03 22:44:03.187 [info] ExtensionService#_doActivateExtension vscode.npm, startup: false, activationEvent: 'onTerminalQuickFixRequest:ms-vscode.npm-command'
2025-06-03 22:44:08.657 [info] ExtensionService#_doActivateExtension vscode.extension-editing, startup: false, activationEvent: 'onLanguage:json'
2025-06-03 22:47:13.573 [warning] [Decorations] CAPPING events from decorations provider vscode.git 1667
2025-06-03 22:47:14.149 [warning] [Decorations] CAPPING events from decorations provider vscode.git 1667
2025-06-03 22:47:18.213 [warning] [Decorations] CAPPING events from decorations provider vscode.git 1667
2025-06-03 22:47:23.291 [warning] [Decorations] CAPPING events from decorations provider vscode.git 1667
2025-06-03 22:47:28.360 [warning] [Decorations] CAPPING events from decorations provider vscode.git 1667
2025-06-03 22:47:33.436 [warning] [Decorations] CAPPING events from decorations provider vscode.git 1667
2025-06-03 22:47:50.569 [warning] [Decorations] CAPPING events from decorations provider vscode.git 1667
2025-06-03 22:47:53.204 [warning] [Decorations] CAPPING events from decorations provider vscode.git 1667
2025-06-03 22:47:56.373 [warning] [Decorations] CAPPING events from decorations provider vscode.git 1667
2025-06-03 22:48:01.474 [warning] [Decorations] CAPPING events from decorations provider vscode.git 1667
