2025-05-31 20:17:06.598 [info] Extension host with pid 4814 started
2025-05-31 20:17:06.628 [info] Lock '/root/.vscode-server/data/User/workspaceStorage/c5a57a4265d3cbdf999fec0b2bc9fbec/vscode.lock': Lock acquired.
2025-05-31 20:17:06.801 [info] Eager extensions activated
2025-05-31 20:17:08.258 [info] ExtensionService#_doActivateExtension vscode.debug-auto-launch, startup: false, activationEvent: 'onStartupFinished'
2025-05-31 20:17:08.260 [info] ExtensionService#_doActivateExtension vscode.emmet, startup: false, activationEvent: 'onLanguage'
2025-05-31 20:17:08.260 [info] ExtensionService#_doActivateExtension vscode.git-base, startup: false, activationEvent: '*', root cause: vscode.git
2025-05-31 20:17:08.261 [info] ExtensionService#_doActivateExtension vscode.merge-conflict, startup: false, activationEvent: 'onStartupFinished'
2025-05-31 20:17:08.498 [info] ExtensionService#_doActivateExtension vscode.git, startup: false, activationEvent: '*'
2025-05-31 20:17:08.498 [info] ExtensionService#_doActivateExtension vscode.github, startup: false, activationEvent: '*'
2025-05-31 21:05:14.474 [info] Extension host terminating: renderer disconnected for too long (2)
2025-05-31 21:05:14.475 [info] Lock '/root/.vscode-server/data/User/workspaceStorage/c5a57a4265d3cbdf999fec0b2bc9fbec/vscode.lock': Marking the lockfile as scheduled to be released in 6000 ms.
2025-05-31 21:05:14.498 [info] Extension host with pid 4814 exiting with code 0
2025-05-31 21:07:52.994 [info] Extension host with pid 5855 started
2025-05-31 21:07:53.010 [info] Lock '/root/.vscode-server/data/User/workspaceStorage/c5a57a4265d3cbdf999fec0b2bc9fbec/vscode.lock': Lock acquired.
2025-05-31 21:07:53.307 [info] ExtensionService#_doActivateExtension vscode.emmet, startup: false, activationEvent: 'onLanguage'
2025-05-31 21:07:53.309 [info] ExtensionService#_doActivateExtension vscode.git-base, startup: false, activationEvent: '*', root cause: vscode.git
2025-05-31 21:07:53.460 [info] ExtensionService#_doActivateExtension vscode.git, startup: false, activationEvent: '*'
2025-05-31 21:07:53.460 [info] ExtensionService#_doActivateExtension vscode.github, startup: false, activationEvent: '*'
2025-05-31 21:07:53.812 [info] Eager extensions activated
2025-05-31 21:07:53.813 [info] ExtensionService#_doActivateExtension vscode.debug-auto-launch, startup: false, activationEvent: 'onStartupFinished'
2025-05-31 21:07:53.814 [info] ExtensionService#_doActivateExtension vscode.merge-conflict, startup: false, activationEvent: 'onStartupFinished'
2025-05-31 21:12:29.236 [info] Extension host terminating: received terminate message from renderer
2025-05-31 21:12:29.237 [info] Lock '/root/.vscode-server/data/User/workspaceStorage/c5a57a4265d3cbdf999fec0b2bc9fbec/vscode.lock': Marking the lockfile as scheduled to be released in 6000 ms.
2025-05-31 21:12:29.261 [info] Extension host with pid 5855 exiting with code 0
